<?xml version="1.0" encoding="UTF-8"?>
<!-- Generated by org.testng.reporters.JUnitReportReporter -->
<testsuite hostname="DESKTOP-RS2DVHI" failures="0" tests="3" name="learnrestapi.GoogleMapAPI" time="5.175" errors="0" timestamp="2023-01-10T22:33:08 IST" skipped="0">
  <testcase classname="learnrestapi.GoogleMapAPI" name="addPlaceFromFile" time="3.583"/>
  <system-out/>
  <testcase classname="learnrestapi.GoogleMapAPI" name="getPlace" time="0.831"/>
  <system-out/>
  <testcase classname="learnrestapi.GoogleMapAPI" name="deletePlace" time="0.761"/>
  <system-out/>
</testsuite> <!-- learnrestapi.GoogleMapAPI -->
