<?xml version="1.0" encoding="UTF-8"?>
<!-- Generated by org.testng.reporters.JUnitReportReporter -->
<testsuite hostname="DESKTOP-RS2DVHI" failures="0" tests="3" name="jiraapi.JiraApi" time="532.691" errors="0" timestamp="2023-01-12T22:10:20 IST" skipped="0">
  <testcase classname="jiraapi.JiraApi" name="authentication" time="2.578"/>
  <system-out/>
  <testcase classname="jiraapi.JiraApi" name="createIssue" time="1.107"/>
  <system-out/>
  <testcase classname="jiraapi.JiraApi" name="addComment" time="529.006"/>
  <system-out/>
</testsuite> <!-- jiraapi.JiraApi -->
