<?xml version="1.0" encoding="UTF-8"?>
<!-- Generated by org.testng.reporters.JUnitReportReporter -->
<testsuite hostname="DESKTOP-RS2DVHI" failures="0" tests="9" name="jiraapi.JiraApiSessionFilter" time="4.867" errors="0" timestamp="2023-01-14T21:29:37 IST" skipped="0">
  <testcase classname="jiraapi.JiraApiSessionFilter" name="authentication" time="2.262"/>
  <system-out/>
  <testcase classname="jiraapi.JiraApiSessionFilter" name="createIssue" time="0.171"/>
  <system-out/>
  <testcase classname="jiraapi.JiraApiSessionFilter" name="addComment" time="1.278"/>
  <system-out/>
  <testcase classname="jiraapi.JiraApiSessionFilter" name="addMultipleComment" time="0.096"/>
  <system-out/>
  <testcase classname="jiraapi.JiraApiSessionFilter" name="addAttachment" time="0.338"/>
  <system-out/>
  <testcase classname="jiraapi.JiraApiSessionFilter" name="addMultipleComment" time="0.124"/>
  <system-out/>
  <testcase classname="jiraapi.JiraApiSessionFilter" name="getIssueDetail" time="0.144"/>
  <system-out/>
  <testcase classname="jiraapi.JiraApiSessionFilter" name="filterIssuebyAttachment" time="0.071"/>
  <system-out/>
  <testcase classname="jiraapi.JiraApiSessionFilter" name="verifyCommentSuccessfulladded" time="0.383"/>
  <system-out/>
</testsuite> <!-- jiraapi.JiraApiSessionFilter -->
