<?xml version="1.0" encoding="UTF-8"?>
<!-- Generated by org.testng.reporters.JUnitReportReporter -->
<testsuite hostname="DESKTOP-RS2DVHI" failures="0" tests="1" name="learnrestapi.SumValidation" time="1.891" errors="0" timestamp="2023-01-07T16:43:52 IST" skipped="0">
  <testcase classname="learnrestapi.SumValidation" name="sumOfCourses" time="1.891"/>
  <system-out/>
</testsuite> <!-- learnrestapi.SumValidation -->
