<?xml version="1.0" encoding="UTF-8"?>
<!-- Generated by org.testng.reporters.JUnitReportReporter -->
<testsuite hostname="DESKTOP-RS2DVHI" failures="0" tests="3" name="learnrestapi.DynamicJSON" time="4.212" errors="0" timestamp="2023-01-10T20:25:27 IST" skipped="0">
  <testcase classname="learnrestapi.DynamicJSON" name="addBook" time="0.357"/>
  <system-out/>
  <testcase classname="learnrestapi.DynamicJSON" name="addBook" time="3.465"/>
  <system-out/>
  <testcase classname="learnrestapi.DynamicJSON" name="addBook" time="0.390"/>
  <system-out/>
</testsuite> <!-- learnrestapi.DynamicJSON -->
